<?xml version="1.0" encoding="UTF-8"?>
<testsuites>
  <testsuite name="CodeIgniter Application Test Suite" tests="18" assertions="19" failures="1" errors="0" time="1.089859">
    <testsuite name="Controller_test" file="C:\xampp\htdocs\pinjamsepeda\application\tests\controllers\Controller_test.php" fullPackage="Controller" tests="15" assertions="16" failures="1" errors="0" time="1.024714">
      <testcase name="test_login_benar" class="Controller_test" file="C:\xampp\htdocs\pinjamsepeda\application\tests\controllers\Controller_test.php" line="12" assertions="1" time="0.082823"/>
      <testcase name="test_login_salah" class="Controller_test" file="C:\xampp\htdocs\pinjamsepeda\application\tests\controllers\Controller_test.php" line="22" assertions="1" time="0.085020"/>
      <testcase name="test_index_login" class="Controller_test" file="C:\xampp\htdocs\pinjamsepeda\application\tests\controllers\Controller_test.php" line="32" assertions="1" time="0.065221"/>
      <testcase name="test_index_login2" class="Controller_test" file="C:\xampp\htdocs\pinjamsepeda\application\tests\controllers\Controller_test.php" line="40" assertions="1" time="0.067343"/>
      <testcase name="test_index_login_no_session" class="Controller_test" file="C:\xampp\htdocs\pinjamsepeda\application\tests\controllers\Controller_test.php" line="48" assertions="1" time="0.075722"/>
      <testcase name="test_index_login3" class="Controller_test" file="C:\xampp\htdocs\pinjamsepeda\application\tests\controllers\Controller_test.php" line="56" assertions="1" time="0.058379"/>
      <testcase name="test_logout" class="Controller_test" file="C:\xampp\htdocs\pinjamsepeda\application\tests\controllers\Controller_test.php" line="62" assertions="3" time="0.078327"/>
      <testcase name="test_index_about" class="Controller_test" file="C:\xampp\htdocs\pinjamsepeda\application\tests\controllers\Controller_test.php" line="71" assertions="1" time="0.071076"/>
      <testcase name="test_index_dashboard" class="Controller_test" file="C:\xampp\htdocs\pinjamsepeda\application\tests\controllers\Controller_test.php" line="77" assertions="1" time="0.076621"/>
      <testcase name="test_index_dashboard_no_session" class="Controller_test" file="C:\xampp\htdocs\pinjamsepeda\application\tests\controllers\Controller_test.php" line="84" assertions="1" time="0.071784"/>
      <testcase name="test_index_kontak" class="Controller_test" file="C:\xampp\htdocs\pinjamsepeda\application\tests\controllers\Controller_test.php" line="91" assertions="1" time="0.069531"/>
      <testcase name="test_index_sepeda_no_session" class="Controller_test" file="C:\xampp\htdocs\pinjamsepeda\application\tests\controllers\Controller_test.php" line="106" assertions="1" time="0.075674"/>
      <testcase name="test_index_sepeda_tambah" class="Controller_test" file="C:\xampp\htdocs\pinjamsepeda\application\tests\controllers\Controller_test.php" line="113" assertions="0" time="0.070189">
        <failure type="PHPUnit_Framework_AssertionFailedError">Controller_test::test_index_sepeda_tambah
redirect() is not called.

C:\xampp\htdocs\pinjamsepeda\application\tests\_ci_phpunit_test\CIPHPUnitTestCase.php:417
C:\xampp\htdocs\pinjamsepeda\application\tests\controllers\Controller_test.php:118
</failure>
      </testcase>
      <testcase name="test_tambah_sepeda_no_session" class="Controller_test" file="C:\xampp\htdocs\pinjamsepeda\application\tests\controllers\Controller_test.php" line="121" assertions="1" time="0.035660"/>
      <testcase name="test_edit_sepeda_no_session" class="Controller_test" file="C:\xampp\htdocs\pinjamsepeda\application\tests\controllers\Controller_test.php" line="128" assertions="1" time="0.041345"/>
    </testsuite>
    <testsuite name="Welcome_test" file="C:\xampp\htdocs\pinjamsepeda\application\tests\controllers\Welcome_test.php" fullPackage="Welcome" tests="3" assertions="3" failures="0" errors="0" time="0.065145">
      <testcase name="test_index" class="Welcome_test" file="C:\xampp\htdocs\pinjamsepeda\application\tests\controllers\Welcome_test.php" line="13" assertions="1" time="0.024131"/>
      <testcase name="test_method_404" class="Welcome_test" file="C:\xampp\htdocs\pinjamsepeda\application\tests\controllers\Welcome_test.php" line="19" assertions="1" time="0.026452"/>
      <testcase name="test_APPPATH" class="Welcome_test" file="C:\xampp\htdocs\pinjamsepeda\application\tests\controllers\Welcome_test.php" line="25" assertions="1" time="0.014562"/>
    </testsuite>
  </testsuite>
</testsuites>
